# JRE version: OpenJDK Runtime Environment Corretto-17.0.9.8.1 (17.0.9+8) (build 17.0.9+8-LTS)
# Java VM: OpenJDK 64-Bit Server VM Corretto-17.0.9.8.1 (17.0.9+8-LTS, mixed mode, sharing, tiered, compressed oops, compressed class ptrs, g1 gc, windows-amd64)
GC Precious Log:
 CPUs: 8 total, 8 available
 Memory: 7739M
 Large Page Support: Disabled
 NUMA Support: Disabled
 Compressed Oops: Enabled (32-bit)
 Heap Region Size: 1M
 Heap Min Capacity: 8M
 Heap Initial Capacity: 122M
 Heap Max Capacity: 1936M
 Pre-touch: Disabled
 Parallel Workers: 8
 Concurrent Workers: 2
 Concurrent Refinement Workers: 8
 Periodic GC: Disabled
Heap:
 garbage-first heap   total 53248K, used 42359K [0x0000000087000000, 0x0000000100000000)
  region size 1024K, 18 young (18432K), 1 survivors (1024K)
 Metaspace       used 65649K, committed 66368K, reserved 1114112K
  class space    used 8893K, committed 9216K, reserved 1048576K
GC Heap History (20 events):
Event: 13.865 GC heap before
{Heap before GC invocations=22 (full 0):
 garbage-first heap   total 48128K, used 38655K [0x0000000087000000, 0x0000000100000000)
  region size 1024K, 14 young (14336K), 2 survivors (2048K)
 Metaspace       used 60371K, committed 60928K, reserved 1114112K
  class space    used 8249K, committed 8512K, reserved 1048576K
}
Event: 13.868 GC heap after
{Heap after GC invocations=23 (full 0):
 garbage-first heap   total 48128K, used 27305K [0x0000000087000000, 0x0000000100000000)
  region size 1024K, 1 young (1024K), 1 survivors (1024K)
 Metaspace       used 60371K, committed 60928K, reserved 1114112K
  class space    used 8249K, committed 8512K, reserved 1048576K
}
Event: 57.021 GC heap before
{Heap before GC invocations=23 (full 0):
 garbage-first heap   total 48128K, used 37545K [0x0000000087000000, 0x0000000100000000)
  region size 1024K, 12 young (12288K), 1 survivors (1024K)
 Metaspace       used 62297K, committed 62784K, reserved 1114112K
  class space    used 8487K, committed 8704K, reserved 1048576K
}
Event: 57.027 GC heap after
{Heap after GC invocations=24 (full 0):
 garbage-first heap   total 48128K, used 27962K [0x0000000087000000, 0x0000000100000000)
  region size 1024K, 2 young (2048K), 2 survivors (2048K)
 Metaspace       used 62297K, committed 62784K, reserved 1114112K
  class space    used 8487K, committed 8704K, reserved 1048576K
}
Event: 57.317 GC heap before
{Heap before GC invocations=25 (full 0):
 garbage-first heap   total 51200K, used 37178K [0x0000000087000000, 0x0000000100000000)
  region size 1024K, 12 young (12288K), 2 survivors (2048K)
 Metaspace       used 64882K, committed 65472K, reserved 1114112K
  class space    used 8867K, committed 9152K, reserved 1048576K
}
Event: 57.320 GC heap after
{Heap after GC invocations=26 (full 0):
 garbage-first heap   total 51200K, used 28264K [0x0000000087000000, 0x0000000100000000)
  region size 1024K, 2 young (2048K), 2 survivors (2048K)
 Metaspace       used 64882K, committed 65472K, reserved 1114112K
  class space    used 8867K, committed 9152K, reserved 1048576K
}
Event: 376.465 GC heap before
{Heap before GC invocations=26 (full 0):
 garbage-first heap   total 51200K, used 39528K [0x0000000087000000, 0x0000000100000000)
  region size 1024K, 14 young (14336K), 2 survivors (2048K)
 Metaspace       used 65709K, committed 66304K, reserved 1114112K
  class space    used 8947K, committed 9216K, reserved 1048576K
}
Event: 376.528 GC heap after
{Heap after GC invocations=27 (full 0):
 garbage-first heap   total 51200K, used 28460K [0x0000000087000000, 0x0000000100000000)
  region size 1024K, 2 young (2048K), 2 survivors (2048K)
 Metaspace       used 65709K, committed 66304K, reserved 1114112K
  class space    used 8947K, committed 9216K, reserved 1048576K
}
Event: 821.315 GC heap before
{Heap before GC invocations=28 (full 0):
 garbage-first heap   total 53248K, used 40748K [0x0000000087000000, 0x0000000100000000)
  region size 1024K, 14 young (14336K), 2 survivors (2048K)
 Metaspace       used 65710K, committed 66304K, reserved 1114112K
  class space    used 8947K, committed 9216K, reserved 1048576K
}
Event: 821.382 GC heap after
{Heap after GC invocations=29 (full 0):
 garbage-first heap   total 53248K, used 28485K [0x0000000087000000, 0x0000000100000000)
  region size 1024K, 1 young (1024K), 1 survivors (1024K)
 Metaspace       used 65710K, committed 66304K, reserved 1114112K
  class space    used 8947K, committed 9216K, reserved 1048576K
}
Event: 10651.538 GC heap before
{Heap before GC invocations=29 (full 0):
 garbage-first heap   total 53248K, used 43845K [0x0000000087000000, 0x0000000100000000)
  region size 1024K, 16 young (16384K), 1 survivors (1024K)
 Metaspace       used 65754K, committed 66304K, reserved 1114112K
  class space    used 8948K, committed 9216K, reserved 1048576K
}
Event: 10651.642 GC heap after
{Heap after GC invocations=30 (full 0):
 garbage-first heap   total 53248K, used 28625K [0x0000000087000000, 0x0000000100000000)
  region size 1024K, 1 young (1024K), 1 survivors (1024K)
 Metaspace       used 65754K, committed 66304K, reserved 1114112K
  class space    used 8948K, committed 9216K, reserved 1048576K
}
Event: 39133.901 GC heap before
{Heap before GC invocations=31 (full 0):
 garbage-first heap   total 53248K, used 43985K [0x0000000087000000, 0x0000000100000000)
  region size 1024K, 16 young (16384K), 1 survivors (1024K)
 Metaspace       used 65590K, committed 66368K, reserved 1114112K
  class space    used 8891K, committed 9216K, reserved 1048576K
}
Event: 39134.017 GC heap after
{Heap after GC invocations=32 (full 0):
 garbage-first heap   total 53248K, used 28940K [0x0000000087000000, 0x0000000100000000)
  region size 1024K, 2 young (2048K), 2 survivors (2048K)
 Metaspace       used 65590K, committed 66368K, reserved 1114112K
  class space    used 8891K, committed 9216K, reserved 1048576K
}
Event: 39169.996 GC heap before
{Heap before GC invocations=32 (full 0):
 garbage-first heap   total 53248K, used 29964K [0x0000000087000000, 0x0000000100000000)
  region size 1024K, 3 young (3072K), 2 survivors (2048K)
 Metaspace       used 65590K, committed 66368K, reserved 1114112K
  class space    used 8891K, committed 9216K, reserved 1048576K
}
Event: 39170.095 GC heap after
{Heap after GC invocations=33 (full 0):
 garbage-first heap   total 53248K, used 27006K [0x0000000087000000, 0x0000000100000000)
  region size 1024K, 1 young (1024K), 1 survivors (1024K)
 Metaspace       used 65590K, committed 66368K, reserved 1114112K
  class space    used 8891K, committed 9216K, reserved 1048576K
}
Event: 39205.174 GC heap before
{Heap before GC invocations=33 (full 0):
 garbage-first heap   total 53248K, used 28030K [0x0000000087000000, 0x0000000100000000)
  region size 1024K, 2 young (2048K), 1 survivors (1024K)
 Metaspace       used 65590K, committed 66368K, reserved 1114112K
  class space    used 8891K, committed 9216K, reserved 1048576K
}
Event: 39205.242 GC heap after
{Heap after GC invocations=34 (full 0):
 garbage-first heap   total 53248K, used 25987K [0x0000000087000000, 0x0000000100000000)
  region size 1024K, 1 young (1024K), 1 survivors (1024K)
 Metaspace       used 65590K, committed 66368K, reserved 1114112K
  class space    used 8891K, committed 9216K, reserved 1048576K
}
Event: 39802.693 GC heap before
{Heap before GC invocations=34 (full 0):
 garbage-first heap   total 53248K, used 42371K [0x0000000087000000, 0x0000000100000000)
  region size 1024K, 17 young (17408K), 1 survivors (1024K)
 Metaspace       used 65592K, committed 66368K, reserved 1114112K
  class space    used 8891K, committed 9216K, reserved 1048576K
}
Event: 39802.810 GC heap after
{Heap after GC invocations=35 (full 0):
 garbage-first heap   total 53248K, used 25975K [0x0000000087000000, 0x0000000100000000)
  region size 1024K, 1 young (1024K), 1 survivors (1024K)
 Metaspace       used 65592K, committed 66368K, reserved 1114112K
  class space    used 8891K, committed 9216K, reserved 1048576K
}

